<?xml version="1.0" encoding="UTF-8"?>
<testsuite xmlns:xsi="http://www.w3.org/2001/XMLSchema-instance" xsi:noNamespaceSchemaLocation="https://maven.apache.org/surefire/maven-surefire-plugin/xsd/surefire-test-report-3.0.xsd" version="3.0" name="TTTGameTest" time="0.114" tests="14" errors="0" skipped="0" failures="0">
  <properties>
    <property name="java.specification.version" value="14"/>
    <property name="sun.cpu.isalist" value="amd64"/>
    <property name="sun.jnu.encoding" value="Cp1252"/>
    <property name="java.class.path" value="C:\Users\madsm\OneDrive\Dokumenter\CPHBusinessGit\TTTGame\target\test-classes;C:\Users\madsm\OneDrive\Dokumenter\CPHBusinessGit\TTTGame\target\classes;C:\Users\madsm\.m2\repository\org\junit\jupiter\junit-jupiter\5.7.0\junit-jupiter-5.7.0.jar;C:\Users\madsm\.m2\repository\org\junit\jupiter\junit-jupiter-api\5.7.0\junit-jupiter-api-5.7.0.jar;C:\Users\madsm\.m2\repository\org\apiguardian\apiguardian-api\1.1.0\apiguardian-api-1.1.0.jar;C:\Users\madsm\.m2\repository\org\opentest4j\opentest4j\1.2.0\opentest4j-1.2.0.jar;C:\Users\madsm\.m2\repository\org\junit\platform\junit-platform-commons\1.7.0\junit-platform-commons-1.7.0.jar;C:\Users\madsm\.m2\repository\org\junit\jupiter\junit-jupiter-params\5.7.0\junit-jupiter-params-5.7.0.jar;C:\Users\madsm\.m2\repository\org\junit\jupiter\junit-jupiter-engine\5.7.0\junit-jupiter-engine-5.7.0.jar;C:\Users\madsm\.m2\repository\org\junit\platform\junit-platform-engine\1.7.0\junit-platform-engine-1.7.0.jar;C:\Users\madsm\.m2\repository\org\slf4j\slf4j-simple\1.7.30\slf4j-simple-1.7.30.jar;C:\Users\madsm\.m2\repository\org\slf4j\slf4j-api\1.7.30\slf4j-api-1.7.30.jar;C:\Users\madsm\.m2\repository\org\pitest\pitest-junit5-plugin\0.12\pitest-junit5-plugin-0.12.jar;C:\Users\madsm\.m2\repository\com\github\javafaker\javafaker\1.0.2\javafaker-1.0.2.jar;C:\Users\madsm\.m2\repository\org\apache\commons\commons-lang3\3.5\commons-lang3-3.5.jar;C:\Users\madsm\.m2\repository\org\yaml\snakeyaml\1.23\snakeyaml-1.23-android.jar;C:\Users\madsm\.m2\repository\com\github\mifmif\generex\1.0.2\generex-1.0.2.jar;C:\Users\madsm\.m2\repository\dk\brics\automaton\automaton\1.11-8\automaton-1.11-8.jar;C:\Users\madsm\.m2\repository\org\mockito\mockito-junit-jupiter\3.5.13\mockito-junit-jupiter-3.5.13.jar;C:\Users\madsm\.m2\repository\org\mockito\mockito-core\3.5.13\mockito-core-3.5.13.jar;C:\Users\madsm\.m2\repository\net\bytebuddy\byte-buddy\1.10.15\byte-buddy-1.10.15.jar;C:\Users\madsm\.m2\repository\net\bytebuddy\byte-buddy-agent\1.10.15\byte-buddy-agent-1.10.15.jar;C:\Users\madsm\.m2\repository\org\objenesis\objenesis\3.1\objenesis-3.1.jar;"/>
    <property name="java.vm.vendor" value="Oracle Corporation"/>
    <property name="sun.arch.data.model" value="64"/>
    <property name="user.variant" value=""/>
    <property name="java.vendor.url" value="https://java.oracle.com/"/>
    <property name="user.timezone" value="Europe/Copenhagen"/>
    <property name="os.name" value="Windows 10"/>
    <property name="java.vm.specification.version" value="14"/>
    <property name="sun.java.launcher" value="SUN_STANDARD"/>
    <property name="user.country" value="DK"/>
    <property name="sun.boot.library.path" value="C:\Users\madsm\.jdks\openjdk-14.0.2\bin"/>
    <property name="sun.java.command" value="C:\Users\madsm\AppData\Local\Temp\surefire18380410176566775404\surefirebooter14872144469649655661.jar C:\Users\madsm\AppData\Local\Temp\surefire18380410176566775404 2020-11-16T12-50-49_949-jvmRun1 surefire5224225082269285064tmp surefire_012941536785979095723tmp"/>
    <property name="jdk.debug" value="release"/>
    <property name="surefire.test.class.path" value="C:\Users\madsm\OneDrive\Dokumenter\CPHBusinessGit\TTTGame\target\test-classes;C:\Users\madsm\OneDrive\Dokumenter\CPHBusinessGit\TTTGame\target\classes;C:\Users\madsm\.m2\repository\org\junit\jupiter\junit-jupiter\5.7.0\junit-jupiter-5.7.0.jar;C:\Users\madsm\.m2\repository\org\junit\jupiter\junit-jupiter-api\5.7.0\junit-jupiter-api-5.7.0.jar;C:\Users\madsm\.m2\repository\org\apiguardian\apiguardian-api\1.1.0\apiguardian-api-1.1.0.jar;C:\Users\madsm\.m2\repository\org\opentest4j\opentest4j\1.2.0\opentest4j-1.2.0.jar;C:\Users\madsm\.m2\repository\org\junit\platform\junit-platform-commons\1.7.0\junit-platform-commons-1.7.0.jar;C:\Users\madsm\.m2\repository\org\junit\jupiter\junit-jupiter-params\5.7.0\junit-jupiter-params-5.7.0.jar;C:\Users\madsm\.m2\repository\org\junit\jupiter\junit-jupiter-engine\5.7.0\junit-jupiter-engine-5.7.0.jar;C:\Users\madsm\.m2\repository\org\junit\platform\junit-platform-engine\1.7.0\junit-platform-engine-1.7.0.jar;C:\Users\madsm\.m2\repository\org\slf4j\slf4j-simple\1.7.30\slf4j-simple-1.7.30.jar;C:\Users\madsm\.m2\repository\org\slf4j\slf4j-api\1.7.30\slf4j-api-1.7.30.jar;C:\Users\madsm\.m2\repository\org\pitest\pitest-junit5-plugin\0.12\pitest-junit5-plugin-0.12.jar;C:\Users\madsm\.m2\repository\com\github\javafaker\javafaker\1.0.2\javafaker-1.0.2.jar;C:\Users\madsm\.m2\repository\org\apache\commons\commons-lang3\3.5\commons-lang3-3.5.jar;C:\Users\madsm\.m2\repository\org\yaml\snakeyaml\1.23\snakeyaml-1.23-android.jar;C:\Users\madsm\.m2\repository\com\github\mifmif\generex\1.0.2\generex-1.0.2.jar;C:\Users\madsm\.m2\repository\dk\brics\automaton\automaton\1.11-8\automaton-1.11-8.jar;C:\Users\madsm\.m2\repository\org\mockito\mockito-junit-jupiter\3.5.13\mockito-junit-jupiter-3.5.13.jar;C:\Users\madsm\.m2\repository\org\mockito\mockito-core\3.5.13\mockito-core-3.5.13.jar;C:\Users\madsm\.m2\repository\net\bytebuddy\byte-buddy\1.10.15\byte-buddy-1.10.15.jar;C:\Users\madsm\.m2\repository\net\bytebuddy\byte-buddy-agent\1.10.15\byte-buddy-agent-1.10.15.jar;C:\Users\madsm\.m2\repository\org\objenesis\objenesis\3.1\objenesis-3.1.jar;"/>
    <property name="sun.cpu.endian" value="little"/>
    <property name="user.home" value="C:\Users\madsm"/>
    <property name="user.language" value="da"/>
    <property name="java.specification.vendor" value="Oracle Corporation"/>
    <property name="java.version.date" value="2020-07-14"/>
    <property name="java.home" value="C:\Users\madsm\.jdks\openjdk-14.0.2"/>
    <property name="file.separator" value="\"/>
    <property name="basedir" value="C:\Users\madsm\OneDrive\Dokumenter\CPHBusinessGit\TTTGame"/>
    <property name="java.vm.compressedOopsMode" value="32-bit"/>
    <property name="line.separator" value="&#10;"/>
    <property name="java.vm.specification.vendor" value="Oracle Corporation"/>
    <property name="java.specification.name" value="Java Platform API Specification"/>
    <property name="surefire.real.class.path" value="C:\Users\madsm\AppData\Local\Temp\surefire18380410176566775404\surefirebooter14872144469649655661.jar"/>
    <property name="user.script" value=""/>
    <property name="sun.management.compiler" value="HotSpot 64-Bit Tiered Compilers"/>
    <property name="java.runtime.version" value="14.0.2+12-46"/>
    <property name="user.name" value="madsm"/>
    <property name="path.separator" value=";"/>
    <property name="os.version" value="10.0"/>
    <property name="java.runtime.name" value="OpenJDK Runtime Environment"/>
    <property name="file.encoding" value="Cp1252"/>
    <property name="java.vm.name" value="OpenJDK 64-Bit Server VM"/>
    <property name="localRepository" value="C:\Users\madsm\.m2\repository"/>
    <property name="java.vendor.url.bug" value="https://bugreport.java.com/bugreport/"/>
    <property name="java.io.tmpdir" value="C:\Users\madsm\AppData\Local\Temp\"/>
    <property name="idea.version" value="2020.2.3"/>
    <property name="java.version" value="14.0.2"/>
    <property name="user.dir" value="C:\Users\madsm\OneDrive\Dokumenter\CPHBusinessGit\TTTGame"/>
    <property name="os.arch" value="amd64"/>
    <property name="java.vm.specification.name" value="Java Virtual Machine Specification"/>
    <property name="sun.os.patch.level" value=""/>
    <property name="java.library.path" value="C:\Users\madsm\.jdks\openjdk-14.0.2\bin;C:\WINDOWS\Sun\Java\bin;C:\WINDOWS\system32;C:\WINDOWS;C:\Program Files (x86)\Common Files\Oracle\Java\javapath;C:\Program Files (x86)\Intel\iCLS Client\;C:\Program Files\Intel\iCLS Client\;C:\WINDOWS\system32;C:\WINDOWS;C:\WINDOWS\System32\Wbem;C:\WINDOWS\System32\WindowsPowerShell\v1.0\;C:\Program Files\Intel\WiFi\bin\;C:\Program Files\Common Files\Intel\WirelessCommon\;C:\Program Files (x86)\Intel\Intel(R) Management Engine Components\DAL;C:\Program Files\Intel\Intel(R) Management Engine Components\DAL;C:\Program Files (x86)\Intel\Intel(R) Management Engine Components\IPT;C:\Program Files\Intel\Intel(R) Management Engine Components\IPT;C:\Program Files\dotnet\;C:\Program Files\Microsoft SQL Server\130\Tools\Binn\;C:\WINDOWS\System32\OpenSSH\;C:\Program Files (x86)\Airtame;C:\Program Files\Git\cmd;C:\Program Files (x86)\Windows Kits\10\bin\10.0.17134.0\x64;C:\Program Files (x86)\Microsoft SQL Server\150\DTS\Binn\;C:\Program Files\Microsoft SQL Server\Client SDK\ODBC\130\Tools\Binn\;C:\Program Files (x86)\Microsoft SQL Server\140\Tools\Binn\;C:\Program Files\Microsoft SQL Server\140\Tools\Binn\;C:\Program Files\Microsoft SQL Server\140\DTS\Binn\;C:\Program Files\Microsoft SQL Server\Client SDK\ODBC\170\Tools\Binn\;C:\Program Files\Geth\;C:\Program Files\MongoDB\Server\4.2\bin\;C:\Users\madsm\AppData\Local\Android\Sdk\tools\;C:\Users\madsm\AppData\Local\Android\Sdk\platform-tools\;C:\Users\madsm\AppData\Local\Android\Sdk\tools\bin\;C:\Program Files\nodejs\;C:\ProgramData\chocolatey\bin;C:\Program Files\AdoptOpenJDK\jdk8u192-b12\bin;C:\Program Files\Java\jdk1.8.0_211\bin;C:\Android\android-sdk\tools;C:\Android\android-sdk\platform-tools;C:\Android\android-sdk\tools\bin;;C:\Source\Dart\dart-sdk\bin;C:\HashiCorp\Vagrant\bin;C:\Program Files\Docker\Docker\resources\bin;C:\ProgramData\DockerDesktop\version-bin;C:\Users\madsm\AppData\Local\Microsoft\WindowsApps;C:\Users\madsm\AppData\Local\GitHubDesktop\bin;C:\Users\madsm\.dotnet\tools;C:\Users\madsm\AppData\Local\Microsoft\WindowsApps;C:\Users\madsm\AppData\Local\Android\Sdk\platform-tools;C:\Users\madsm\AppData\Local\Android\Sdk\tools;C:\Users\madsm\AppData\Local\Programs\Microsoft VS Code\bin;C:\Users\madsm\AppData\Roaming\npm;C:\Source\flutter\bin;C:\tools\dart-sdk\bin;C:\Users\madsm\AppData\Roaming\Pub\Cache\bin;;."/>
    <property name="java.vm.info" value="mixed mode, sharing"/>
    <property name="java.vendor" value="Oracle Corporation"/>
    <property name="java.vm.version" value="14.0.2+12-46"/>
    <property name="sun.io.unicode.encoding" value="UnicodeLittle"/>
    <property name="java.class.version" value="58.0"/>
  </properties>
  <testcase name="boardMustBeEmpty" classname="TTTGameTest" time="0.004"/>
  <testcase name="gameBoardColumnMustBe3" classname="TTTGameTest" time="0.01"/>
  <testcase name="playerMustBeAbleToWinOnColumns(int)[1]" classname="TTTGameTest" time="0.005">
    <system-out><![CDATA[x|*|*|
x|*|*|
x|*|*|
]]></system-out>
  </testcase>
  <testcase name="playerMustBeAbleToWinOnColumns(int)[2]" classname="TTTGameTest" time="0.004">
    <system-out><![CDATA[*|x|*|
*|x|*|
*|x|*|
]]></system-out>
  </testcase>
  <testcase name="playerMustBeAbleToWinOnColumns(int)[3]" classname="TTTGameTest" time="0.002">
    <system-out><![CDATA[*|*|x|
*|*|x|
*|*|x|
]]></system-out>
  </testcase>
  <testcase name="computerMustPlaceCircleOnEmptyFieldAfterPlayersTurn" classname="TTTGameTest" time="0.001">
    <system-out><![CDATA[o|*|*|
*|*|*|
*|*|*|
]]></system-out>
  </testcase>
  <testcase name="playerMustBeAbleToWinOnRows(int)[1]" classname="TTTGameTest" time="0.002">
    <system-out><![CDATA[x|x|x|
*|*|*|
*|*|*|
]]></system-out>
  </testcase>
  <testcase name="playerMustBeAbleToWinOnRows(int)[2]" classname="TTTGameTest" time="0.001">
    <system-out><![CDATA[*|*|*|
x|x|x|
*|*|*|
]]></system-out>
  </testcase>
  <testcase name="playerMustBeAbleToWinOnRows(int)[3]" classname="TTTGameTest" time="0.021">
    <system-out><![CDATA[*|*|*|
*|*|*|
x|x|x|
]]></system-out>
  </testcase>
  <testcase name="playerMustBeAbleToWinOnDiagonalsFromLowerLeft" classname="TTTGameTest" time="0.004">
    <system-out><![CDATA[*|*|x|
*|x|*|
x|*|*|
]]></system-out>
  </testcase>
  <testcase name="gameBoardRowMustBe3" classname="TTTGameTest" time="0.001"/>
  <testcase name="playerMustBeAbleToWinOnDiagonalsFromUpperLeft" classname="TTTGameTest" time="0.003">
    <system-out><![CDATA[x|*|*|
*|x|*|
*|*|x|
]]></system-out>
  </testcase>
  <testcase name="playerMustPlaceCharOnBoard" classname="TTTGameTest" time="0"/>
  <testcase name="mustThrowExceptionWhenFieldIsNotEmpty" classname="TTTGameTest" time="0.003"/>
</testsuite>